Warning: ignoring unsupported tag `ALLOW_UNICODE_NAMES    =' at line 27, file /home/travis/build/ob-algdati-ws17/blatt-7-aufgabe-1-sbem/Doxyfile
Warning: ignoring unsupported tag `GROUP_NESTED_COMPOUNDS =' at line 58, file /home/travis/build/ob-algdati-ws17/blatt-7-aufgabe-1-sbem/Doxyfile
Warning: ignoring unsupported tag `HIDE_COMPOUND_REFERENCE=' at line 83, file /home/travis/build/ob-algdati-ws17/blatt-7-aufgabe-1-sbem/Doxyfile
Warning: ignoring unsupported tag `WARN_AS_ERROR          =' at line 116, file /home/travis/build/ob-algdati-ws17/blatt-7-aufgabe-1-sbem/Doxyfile
Warning: Tag `CLANG_ASSISTED_PARSING' at line 155 of file /home/travis/build/ob-algdati-ws17/blatt-7-aufgabe-1-sbem/Doxyfile belongs to an option that was not enabled at compile time.
To avoid this warning please remove this line from your configuration file, upgrade it using "doxygen -u", or recompile doxygen with this feature enabled.
Warning: Tag `CLANG_OPTIONS' at line 156 of file /home/travis/build/ob-algdati-ws17/blatt-7-aufgabe-1-sbem/Doxyfile belongs to an option that was not enabled at compile time.
To avoid this warning please remove this line from your configuration file, upgrade it using "doxygen -u", or recompile doxygen with this feature enabled.
Warning: ignoring unsupported tag `LATEX_EXTRA_STYLESHEET =' at line 240, file /home/travis/build/ob-algdati-ws17/blatt-7-aufgabe-1-sbem/Doxyfile
Warning: ignoring unsupported tag `LATEX_TIMESTAMP        =' at line 248, file /home/travis/build/ob-algdati-ws17/blatt-7-aufgabe-1-sbem/Doxyfile
Warning: ignoring unsupported tag `RTF_SOURCE_CODE        =' at line 260, file /home/travis/build/ob-algdati-ws17/blatt-7-aufgabe-1-sbem/Doxyfile
Warning: ignoring unsupported tag `MAN_SUBDIR             =' at line 269, file /home/travis/build/ob-algdati-ws17/blatt-7-aufgabe-1-sbem/Doxyfile
Warning: ignoring unsupported tag `DOCBOOK_PROGRAMLISTING =' at line 286, file /home/travis/build/ob-algdati-ws17/blatt-7-aufgabe-1-sbem/Doxyfile
Warning: ignoring unsupported tag `PLANTUML_JAR_PATH      =' at line 359, file /home/travis/build/ob-algdati-ws17/blatt-7-aufgabe-1-sbem/Doxyfile
Warning: ignoring unsupported tag `PLANTUML_INCLUDE_PATH  =' at line 360, file /home/travis/build/ob-algdati-ws17/blatt-7-aufgabe-1-sbem/Doxyfile
/home/travis/build/ob-algdati-ws17/blatt-7-aufgabe-1-sbem/avltree/AVLTree.h:280: warning: argument 'Key' of command @param is not found in the argument list of AVLTree::insert(const int value)
/home/travis/build/ob-algdati-ws17/blatt-7-aufgabe-1-sbem/avltree/AVLTree.h:280: warning: The following parameters of AVLTree::insert(const int value) are not documented:
  parameter 'value'
/home/travis/build/ob-algdati-ws17/blatt-7-aufgabe-1-sbem/avltree/AVLTree.h:352: warning: argument 'Key' of command @param is not found in the argument list of AVLTree::remove(const int key)
/home/travis/build/ob-algdati-ws17/blatt-7-aufgabe-1-sbem/avltree/AVLTree.h:352: warning: The following parameters of AVLTree::remove(const int key) are not documented:
  parameter 'key'
/home/travis/build/ob-algdati-ws17/blatt-7-aufgabe-1-sbem/avltree/AVLTree.h:246: warning: argument 'Key' of command @param is not found in the argument list of AVLTree::search(const int value)
/home/travis/build/ob-algdati-ws17/blatt-7-aufgabe-1-sbem/avltree/AVLTree.h:246: warning: The following parameters of AVLTree::search(const int value) are not documented:
  parameter 'value'
Searching for include files...
Searching for example files...
Searching for images...
Searching for dot files...
Searching for msc files...
Searching for dia files...
Searching for files to exclude
Searching for files to process...
Searching for files in directory /home/travis/build/ob-algdati-ws17/blatt-7-aufgabe-1-sbem/avltree
Reading and parsing tag files
Parsing files
Preprocessing /home/travis/build/ob-algdati-ws17/blatt-7-aufgabe-1-sbem/avltree/AVLTree.cpp...
Parsing file /home/travis/build/ob-algdati-ws17/blatt-7-aufgabe-1-sbem/avltree/AVLTree.cpp...
Preprocessing /home/travis/build/ob-algdati-ws17/blatt-7-aufgabe-1-sbem/avltree/AVLTree.h...
Parsing file /home/travis/build/ob-algdati-ws17/blatt-7-aufgabe-1-sbem/avltree/AVLTree.h...
Building group list...
Building directory list...
Building namespace list...
Building file list...
Building class list...
Associating documentation with classes...
Computing nesting relations for classes...
Building example list...
Searching for enumerations...
Searching for documented typedefs...
Searching for members imported via using declarations...
Searching for included using directives...
Searching for documented variables...
Building interface member list...
Building member list...
Searching for friends...
Searching for documented defines...
Computing class inheritance relations...
Computing class usage relations...
Flushing cached template relations that have become invalid...
Creating members for template instances...
Computing class relations...
Add enum values to enums...
Searching for member function documentation...
Building page list...
Search for main page...
Computing page relations...
Determining the scope of groups...
Sorting lists...
Freeing entry tree
Determining which enums are documented
Computing member relations...
Building full member lists recursively...
Adding members to member groups.
Computing member references...
Inheriting documentation...
Generating disk names...
Adding source references...
Adding xrefitems...
Sorting member lists...
Computing dependencies between directories...
Generating citations page...
Counting data structures...
Resolving user defined references...
Finding anchors and sections in the documentation...
Transferring function references...
Combining using relations...
Adding members to index pages...
Generating style sheet...
Generating search indices...
Generating example documentation...
Generating file sources...
Generating code for file /home/travis/build/ob-algdati-ws17/blatt-7-aufgabe-1-sbem/avltree/AVLTree.h...
Generating file documentation...
Generating docs for file /home/travis/build/ob-algdati-ws17/blatt-7-aufgabe-1-sbem/avltree/AVLTree.cpp...
Generating docs for file /home/travis/build/ob-algdati-ws17/blatt-7-aufgabe-1-sbem/avltree/AVLTree.h...
Generating page documentation...
Generating group documentation...
Generating class documentation...
Generating docs for compound AVLTree...
Generating namespace index...
Generating graph info page...
Generating directory documentation...
Generating dependency graph for directory /home/travis/build/ob-algdati-ws17/blatt-7-aufgabe-1-sbem/avltree
Generating index page...
Generating page index...
Generating module index...
Generating namespace index...
Generating namespace member index...
Generating annotated compound index...
Generating alphabetical compound index...
Generating hierarchical class index...
Generating graphical class hierarchy...
Generating member index...
Generating file index...
Generating file member index...
Generating example index...
finalizing index lists...
Running dot...
Generating dot graphs using 15 parallel threads...
Running dot for graph 1/9
Running dot for graph 2/9
Running dot for graph 3/9
Running dot for graph 4/9
Running dot for graph 5/9
Running dot for graph 6/9
Running dot for graph 7/9
Running dot for graph 8/9
Running dot for graph 9/9
Patching output file 1/6
Patching output file 2/6
Patching output file 3/6
Patching output file 4/6
Patching output file 5/6
Patching output file 6/6
lookup cache used 42/65536 hits=331 misses=44
finished...
